0 info it worked if it ends with ok
1 verbose cli [ '/usr/local/bin/node', '/usr/local/bin/npm', 'publish' ]
2 info using npm@3.9.5
3 info using node@v6.2.2
4 verbose publish [ '.' ]
5 silly cache add args [ '.', null ]
6 verbose cache add spec .
7 silly cache add parsed spec Result {
7 silly cache add   raw: '.',
7 silly cache add   scope: null,
7 silly cache add   name: null,
7 silly cache add   rawSpec: '.',
7 silly cache add   spec: '/home/tunpixel/workspace/aijs',
7 silly cache add   type: 'directory' }
8 verbose addLocalDirectory /home/tunpixel/.npm/aijs/0.0.13/package.tgz not in flight; packing
9 verbose correctMkdir /home/tunpixel/.npm correctMkdir not in flight; initializing
10 info lifecycle aijs@0.0.13~prepublish: aijs@0.0.13
11 silly lifecycle aijs@0.0.13~prepublish: no script for prepublish, continuing
12 verbose tar pack [ '/home/tunpixel/.npm/aijs/0.0.13/package.tgz',
12 verbose tar pack   '/home/tunpixel/workspace/aijs' ]
13 verbose tarball /home/tunpixel/.npm/aijs/0.0.13/package.tgz
14 verbose folder /home/tunpixel/workspace/aijs
15 verbose addLocalTarball adding from inside cache /home/tunpixel/.npm/aijs/0.0.13/package.tgz
16 verbose correctMkdir /home/tunpixel/.npm correctMkdir not in flight; initializing
17 silly cache afterAdd aijs@0.0.13
18 verbose afterAdd /home/tunpixel/.npm/aijs/0.0.13/package/package.json not in flight; writing
19 verbose correctMkdir /home/tunpixel/.npm correctMkdir not in flight; initializing
20 verbose afterAdd /home/tunpixel/.npm/aijs/0.0.13/package/package.json written
21 silly publish { name: 'aijs',
21 silly publish   version: '0.0.13',
21 silly publish   description: 'AI Library for Javascript',
21 silly publish   main: 'index.js',
21 silly publish   scripts: { test: 'mocha --recursive --timeout 20000' },
21 silly publish   repository: { type: 'git', url: '' },
21 silly publish   author: { name: 'sam Bouguerra' },
21 silly publish   license: 'MIT',
21 silly publish   homepage: '',
21 silly publish   devDependencies: { matjs: '0.0.5', mocha: '^3.2.0' },
21 silly publish   directories: { example: 'examples', test: 'test' },
21 silly publish   dependencies: {},
21 silly publish   keywords: [ 'machine learning', 'javascript' ],
21 silly publish   readme: '# aijs\n\n#To test this package:\n+ npm test\n\n\n#To try this package\n+ checkout the examples\n\n\n#done\n+ LinearRegression\n    + Univariate\n    + Multivariate\n\n\n#to do next\n+ Logistic Regression',
21 silly publish   readmeFilename: 'README.md',
21 silly publish   gitHead: '9a10b946abe7c6c8c32fa7e125a3d7f2aa24fac9',
21 silly publish   _id: 'aijs@0.0.13',
21 silly publish   _shasum: '666cdffea61b9a4099c8a40b64b81e2c72996de1',
21 silly publish   _from: '.' }
22 verbose getPublishConfig undefined
23 silly mapToRegistry name aijs
24 silly mapToRegistry using default registry
25 silly mapToRegistry registry https://registry.npmjs.org/
26 silly mapToRegistry data Result {
26 silly mapToRegistry   raw: 'aijs',
26 silly mapToRegistry   scope: null,
26 silly mapToRegistry   name: 'aijs',
26 silly mapToRegistry   rawSpec: '',
26 silly mapToRegistry   spec: 'latest',
26 silly mapToRegistry   type: 'tag' }
27 silly mapToRegistry uri https://registry.npmjs.org/aijs
28 verbose publish registryBase https://registry.npmjs.org/
29 silly publish uploading /home/tunpixel/.npm/aijs/0.0.13/package.tgz
30 verbose request uri https://registry.npmjs.org/aijs
31 verbose request sending authorization for write operation
32 info attempt registry request try #1 at 08:58:06
33 verbose request using bearer token for auth
34 verbose request id 30d07034707cc9a4
35 http request PUT https://registry.npmjs.org/aijs
36 http 403 https://registry.npmjs.org/aijs
37 verbose headers { 'content-type': 'application/json',
37 verbose headers   'cache-control': 'max-age=300',
37 verbose headers   'content-length': '96',
37 verbose headers   'accept-ranges': 'bytes',
37 verbose headers   date: 'Mon, 09 Jan 2017 07:58:28 GMT',
37 verbose headers   via: '1.1 varnish',
37 verbose headers   connection: 'keep-alive',
37 verbose headers   'x-served-by': 'cache-ams4132-AMS',
37 verbose headers   'x-cache': 'MISS',
37 verbose headers   'x-cache-hits': '0',
37 verbose headers   'x-timer': 'S1483948691.118628,VS0,VE17021',
37 verbose headers   vary: 'Accept-Encoding' }
38 verbose request invalidating /home/tunpixel/.npm/registry.npmjs.org/aijs on PUT
39 error publish Failed PUT 403
40 verbose stack Error: "You cannot publish over the previously published version 0.0.13." : aijs
40 verbose stack     at makeError (/usr/local/lib/node_modules/npm/node_modules/npm-registry-client/lib/request.js:264:12)
40 verbose stack     at CachingRegistryClient.<anonymous> (/usr/local/lib/node_modules/npm/node_modules/npm-registry-client/lib/request.js:252:14)
40 verbose stack     at Request._callback (/usr/local/lib/node_modules/npm/node_modules/npm-registry-client/lib/request.js:172:14)
40 verbose stack     at Request.self.callback (/usr/local/lib/node_modules/npm/node_modules/request/request.js:200:22)
40 verbose stack     at emitTwo (events.js:106:13)
40 verbose stack     at Request.emit (events.js:191:7)
40 verbose stack     at Request.<anonymous> (/usr/local/lib/node_modules/npm/node_modules/request/request.js:1067:10)
40 verbose stack     at emitOne (events.js:101:20)
40 verbose stack     at Request.emit (events.js:188:7)
40 verbose stack     at IncomingMessage.<anonymous> (/usr/local/lib/node_modules/npm/node_modules/request/request.js:988:12)
41 verbose statusCode 403
42 verbose pkgid aijs
43 verbose cwd /home/tunpixel/workspace/aijs
44 error Linux 4.4.0-57-generic
45 error argv "/usr/local/bin/node" "/usr/local/bin/npm" "publish"
46 error node v6.2.2
47 error npm  v3.9.5
48 error code E403
49 error "You cannot publish over the previously published version 0.0.13." : aijs
50 error If you need help, you may report this error at:
50 error     <https://github.com/npm/npm/issues>
51 verbose exit [ 1, true ]
